Determining if the pthread_create exist failed with the following output:
Change Dir: /home/fapsros/c_s_u/build/catkin_tools_prebuild/CMakeFiles/CMakeTmp

Run Build Command:"/usr/bin/make" "cmTC_f5f4f/fast"
/usr/bin/make -f CMakeFiles/cmTC_f5f4f.dir/build.make CMakeFiles/cmTC_f5f4f.dir/build
make[1]: Verzeichnis „/home/fapsros/c_s_u/build/catkin_tools_prebuild/CMakeFiles/CMakeTmp“ wird betreten
Building C object CMakeFiles/cmTC_f5f4f.dir/CheckSymbolExists.c.o
/usr/bin/cc     -o CMakeFiles/cmTC_f5f4f.dir/CheckSymbolExists.c.o   -c /home/fapsros/c_s_u/build/catkin_tools_prebuild/CMakeFiles/CMakeTmp/CheckSymbolExists.c
Linking C executable cmTC_f5f4f
/usr/bin/cmake -E cmake_link_script CMakeFiles/cmTC_f5f4f.dir/link.txt --verbose=1
/usr/bin/cc       CMakeFiles/cmTC_f5f4f.dir/CheckSymbolExists.c.o  -o cmTC_f5f4f -rdynamic 
CMakeFiles/cmTC_f5f4f.dir/CheckSymbolExists.c.o: In Funktion `main':
CheckSymbolExists.c:(.text+0x16): Nicht definierter Verweis auf `pthread_create'
collect2: error: ld returned 1 exit status
CMakeFiles/cmTC_f5f4f.dir/build.make:97: die Regel für Ziel „cmTC_f5f4f“ scheiterte
make[1]: *** [cmTC_f5f4f] Fehler 1
make[1]: Verzeichnis „/home/fapsros/c_s_u/build/catkin_tools_prebuild/CMakeFiles/CMakeTmp“ wird verlassen
Makefile:126: die Regel für Ziel „cmTC_f5f4f/fast“ scheiterte
make: *** [cmTC_f5f4f/fast] Fehler 2

File /home/fapsros/c_s_u/build/catkin_tools_prebuild/CMakeFiles/CMakeTmp/CheckSymbolExists.c:
/* */
#include <pthread.h>

int main(int argc, char** argv)
{
  (void)argv;
#ifndef pthread_create
  return ((int*)(&pthread_create))[argc];
#else
  (void)argc;
  return 0;
#endif
}

Determining if the function pthread_create exists in the pthreads failed with the following output:
Change Dir: /home/fapsros/c_s_u/build/catkin_tools_prebuild/CMakeFiles/CMakeTmp

Run Build Command:"/usr/bin/make" "cmTC_caac2/fast"
/usr/bin/make -f CMakeFiles/cmTC_caac2.dir/build.make CMakeFiles/cmTC_caac2.dir/build
make[1]: Verzeichnis „/home/fapsros/c_s_u/build/catkin_tools_prebuild/CMakeFiles/CMakeTmp“ wird betreten
Building C object CMakeFiles/cmTC_caac2.dir/CheckFunctionExists.c.o
/usr/bin/cc    -DCHECK_FUNCTION_EXISTS=pthread_create   -o CMakeFiles/cmTC_caac2.dir/CheckFunctionExists.c.o   -c /usr/share/cmake-3.5/Modules/CheckFunctionExists.c
Linking C executable cmTC_caac2
/usr/bin/cmake -E cmake_link_script CMakeFiles/cmTC_caac2.dir/link.txt --verbose=1
/usr/bin/cc   -DCHECK_FUNCTION_EXISTS=pthread_create    CMakeFiles/cmTC_caac2.dir/CheckFunctionExists.c.o  -o cmTC_caac2 -rdynamic -lpthreads 
/usr/bin/ld: cannot find -lpthreads
collect2: error: ld returned 1 exit status
CMakeFiles/cmTC_caac2.dir/build.make:97: die Regel für Ziel „cmTC_caac2“ scheiterte
make[1]: *** [cmTC_caac2] Fehler 1
make[1]: Verzeichnis „/home/fapsros/c_s_u/build/catkin_tools_prebuild/CMakeFiles/CMakeTmp“ wird verlassen
Makefile:126: die Regel für Ziel „cmTC_caac2/fast“ scheiterte
make: *** [cmTC_caac2/fast] Fehler 2


