Determining if the pthread_create exist failed with the following output:
Change Dir: /home/fapsros/c_s_u/build/urdf_demo/CMakeFiles/CMakeTmp

Run Build Command:"/usr/bin/make" "cmTC_e9d8e/fast"
/usr/bin/make -f CMakeFiles/cmTC_e9d8e.dir/build.make CMakeFiles/cmTC_e9d8e.dir/build
make[1]: Verzeichnis „/home/fapsros/c_s_u/build/urdf_demo/CMakeFiles/CMakeTmp“ wird betreten
Building C object CMakeFiles/cmTC_e9d8e.dir/CheckSymbolExists.c.o
/usr/bin/cc     -o CMakeFiles/cmTC_e9d8e.dir/CheckSymbolExists.c.o   -c /home/fapsros/c_s_u/build/urdf_demo/CMakeFiles/CMakeTmp/CheckSymbolExists.c
Linking C executable cmTC_e9d8e
/usr/bin/cmake -E cmake_link_script CMakeFiles/cmTC_e9d8e.dir/link.txt --verbose=1
/usr/bin/cc       CMakeFiles/cmTC_e9d8e.dir/CheckSymbolExists.c.o  -o cmTC_e9d8e -rdynamic 
CMakeFiles/cmTC_e9d8e.dir/CheckSymbolExists.c.o: In Funktion `main':
CheckSymbolExists.c:(.text+0x16): Nicht definierter Verweis auf `pthread_create'
collect2: error: ld returned 1 exit status
CMakeFiles/cmTC_e9d8e.dir/build.make:97: die Regel für Ziel „cmTC_e9d8e“ scheiterte
make[1]: *** [cmTC_e9d8e] Fehler 1
make[1]: Verzeichnis „/home/fapsros/c_s_u/build/urdf_demo/CMakeFiles/CMakeTmp“ wird verlassen
Makefile:126: die Regel für Ziel „cmTC_e9d8e/fast“ scheiterte
make: *** [cmTC_e9d8e/fast] Fehler 2

File /home/fapsros/c_s_u/build/urdf_demo/CMakeFiles/CMakeTmp/CheckSymbolExists.c:
/* */
#include <pthread.h>

int main(int argc, char** argv)
{
  (void)argv;
#ifndef pthread_create
  return ((int*)(&pthread_create))[argc];
#else
  (void)argc;
  return 0;
#endif
}

Determining if the function pthread_create exists in the pthreads failed with the following output:
Change Dir: /home/fapsros/c_s_u/build/urdf_demo/CMakeFiles/CMakeTmp

Run Build Command:"/usr/bin/make" "cmTC_fa6cc/fast"
/usr/bin/make -f CMakeFiles/cmTC_fa6cc.dir/build.make CMakeFiles/cmTC_fa6cc.dir/build
make[1]: Verzeichnis „/home/fapsros/c_s_u/build/urdf_demo/CMakeFiles/CMakeTmp“ wird betreten
Building C object CMakeFiles/cmTC_fa6cc.dir/CheckFunctionExists.c.o
/usr/bin/cc    -DCHECK_FUNCTION_EXISTS=pthread_create   -o CMakeFiles/cmTC_fa6cc.dir/CheckFunctionExists.c.o   -c /usr/share/cmake-3.5/Modules/CheckFunctionExists.c
Linking C executable cmTC_fa6cc
/usr/bin/cmake -E cmake_link_script CMakeFiles/cmTC_fa6cc.dir/link.txt --verbose=1
/usr/bin/cc   -DCHECK_FUNCTION_EXISTS=pthread_create    CMakeFiles/cmTC_fa6cc.dir/CheckFunctionExists.c.o  -o cmTC_fa6cc -rdynamic -lpthreads 
/usr/bin/ld: cannot find -lpthreads
collect2: error: ld returned 1 exit status
CMakeFiles/cmTC_fa6cc.dir/build.make:97: die Regel für Ziel „cmTC_fa6cc“ scheiterte
make[1]: *** [cmTC_fa6cc] Fehler 1
make[1]: Verzeichnis „/home/fapsros/c_s_u/build/urdf_demo/CMakeFiles/CMakeTmp“ wird verlassen
Makefile:126: die Regel für Ziel „cmTC_fa6cc/fast“ scheiterte
make: *** [cmTC_fa6cc/fast] Fehler 2


