Determining if the pthread_create exist failed with the following output:
Change Dir: /home/fapsros/c_s_u/build/topic_demo/CMakeFiles/CMakeTmp

Run Build Command:"/usr/bin/make" "cmTC_50e6d/fast"
/usr/bin/make -f CMakeFiles/cmTC_50e6d.dir/build.make CMakeFiles/cmTC_50e6d.dir/build
make[1]: Verzeichnis „/home/fapsros/c_s_u/build/topic_demo/CMakeFiles/CMakeTmp“ wird betreten
Building C object CMakeFiles/cmTC_50e6d.dir/CheckSymbolExists.c.o
/usr/bin/cc     -o CMakeFiles/cmTC_50e6d.dir/CheckSymbolExists.c.o   -c /home/fapsros/c_s_u/build/topic_demo/CMakeFiles/CMakeTmp/CheckSymbolExists.c
Linking C executable cmTC_50e6d
/usr/bin/cmake -E cmake_link_script CMakeFiles/cmTC_50e6d.dir/link.txt --verbose=1
/usr/bin/cc       CMakeFiles/cmTC_50e6d.dir/CheckSymbolExists.c.o  -o cmTC_50e6d -rdynamic 
CMakeFiles/cmTC_50e6d.dir/CheckSymbolExists.c.o: In Funktion `main':
CheckSymbolExists.c:(.text+0x16): Nicht definierter Verweis auf `pthread_create'
collect2: error: ld returned 1 exit status
CMakeFiles/cmTC_50e6d.dir/build.make:97: die Regel für Ziel „cmTC_50e6d“ scheiterte
make[1]: *** [cmTC_50e6d] Fehler 1
make[1]: Verzeichnis „/home/fapsros/c_s_u/build/topic_demo/CMakeFiles/CMakeTmp“ wird verlassen
Makefile:126: die Regel für Ziel „cmTC_50e6d/fast“ scheiterte
make: *** [cmTC_50e6d/fast] Fehler 2

File /home/fapsros/c_s_u/build/topic_demo/CMakeFiles/CMakeTmp/CheckSymbolExists.c:
/* */
#include <pthread.h>

int main(int argc, char** argv)
{
  (void)argv;
#ifndef pthread_create
  return ((int*)(&pthread_create))[argc];
#else
  (void)argc;
  return 0;
#endif
}

Determining if the function pthread_create exists in the pthreads failed with the following output:
Change Dir: /home/fapsros/c_s_u/build/topic_demo/CMakeFiles/CMakeTmp

Run Build Command:"/usr/bin/make" "cmTC_f79bb/fast"
/usr/bin/make -f CMakeFiles/cmTC_f79bb.dir/build.make CMakeFiles/cmTC_f79bb.dir/build
make[1]: Verzeichnis „/home/fapsros/c_s_u/build/topic_demo/CMakeFiles/CMakeTmp“ wird betreten
Building C object CMakeFiles/cmTC_f79bb.dir/CheckFunctionExists.c.o
/usr/bin/cc    -DCHECK_FUNCTION_EXISTS=pthread_create   -o CMakeFiles/cmTC_f79bb.dir/CheckFunctionExists.c.o   -c /usr/share/cmake-3.5/Modules/CheckFunctionExists.c
Linking C executable cmTC_f79bb
/usr/bin/cmake -E cmake_link_script CMakeFiles/cmTC_f79bb.dir/link.txt --verbose=1
/usr/bin/cc   -DCHECK_FUNCTION_EXISTS=pthread_create    CMakeFiles/cmTC_f79bb.dir/CheckFunctionExists.c.o  -o cmTC_f79bb -rdynamic -lpthreads 
/usr/bin/ld: cannot find -lpthreads
collect2: error: ld returned 1 exit status
CMakeFiles/cmTC_f79bb.dir/build.make:97: die Regel für Ziel „cmTC_f79bb“ scheiterte
make[1]: *** [cmTC_f79bb] Fehler 1
make[1]: Verzeichnis „/home/fapsros/c_s_u/build/topic_demo/CMakeFiles/CMakeTmp“ wird verlassen
Makefile:126: die Regel für Ziel „cmTC_f79bb/fast“ scheiterte
make: *** [cmTC_f79bb/fast] Fehler 2


