Determining if the pthread_create exist failed with the following output:
Change Dir: /home/fapsros/c_s_u/build/action_demo/CMakeFiles/CMakeTmp

Run Build Command:"/usr/bin/make" "cmTC_14ecc/fast"
/usr/bin/make -f CMakeFiles/cmTC_14ecc.dir/build.make CMakeFiles/cmTC_14ecc.dir/build
make[1]: Verzeichnis „/home/fapsros/c_s_u/build/action_demo/CMakeFiles/CMakeTmp“ wird betreten
Building C object CMakeFiles/cmTC_14ecc.dir/CheckSymbolExists.c.o
/usr/bin/cc     -o CMakeFiles/cmTC_14ecc.dir/CheckSymbolExists.c.o   -c /home/fapsros/c_s_u/build/action_demo/CMakeFiles/CMakeTmp/CheckSymbolExists.c
Linking C executable cmTC_14ecc
/usr/bin/cmake -E cmake_link_script CMakeFiles/cmTC_14ecc.dir/link.txt --verbose=1
/usr/bin/cc       CMakeFiles/cmTC_14ecc.dir/CheckSymbolExists.c.o  -o cmTC_14ecc -rdynamic 
CMakeFiles/cmTC_14ecc.dir/CheckSymbolExists.c.o: In Funktion `main':
CheckSymbolExists.c:(.text+0x16): Nicht definierter Verweis auf `pthread_create'
collect2: error: ld returned 1 exit status
CMakeFiles/cmTC_14ecc.dir/build.make:97: die Regel für Ziel „cmTC_14ecc“ scheiterte
make[1]: *** [cmTC_14ecc] Fehler 1
make[1]: Verzeichnis „/home/fapsros/c_s_u/build/action_demo/CMakeFiles/CMakeTmp“ wird verlassen
Makefile:126: die Regel für Ziel „cmTC_14ecc/fast“ scheiterte
make: *** [cmTC_14ecc/fast] Fehler 2

File /home/fapsros/c_s_u/build/action_demo/CMakeFiles/CMakeTmp/CheckSymbolExists.c:
/* */
#include <pthread.h>

int main(int argc, char** argv)
{
  (void)argv;
#ifndef pthread_create
  return ((int*)(&pthread_create))[argc];
#else
  (void)argc;
  return 0;
#endif
}

Determining if the function pthread_create exists in the pthreads failed with the following output:
Change Dir: /home/fapsros/c_s_u/build/action_demo/CMakeFiles/CMakeTmp

Run Build Command:"/usr/bin/make" "cmTC_578e3/fast"
/usr/bin/make -f CMakeFiles/cmTC_578e3.dir/build.make CMakeFiles/cmTC_578e3.dir/build
make[1]: Verzeichnis „/home/fapsros/c_s_u/build/action_demo/CMakeFiles/CMakeTmp“ wird betreten
Building C object CMakeFiles/cmTC_578e3.dir/CheckFunctionExists.c.o
/usr/bin/cc    -DCHECK_FUNCTION_EXISTS=pthread_create   -o CMakeFiles/cmTC_578e3.dir/CheckFunctionExists.c.o   -c /usr/share/cmake-3.5/Modules/CheckFunctionExists.c
Linking C executable cmTC_578e3
/usr/bin/cmake -E cmake_link_script CMakeFiles/cmTC_578e3.dir/link.txt --verbose=1
/usr/bin/cc   -DCHECK_FUNCTION_EXISTS=pthread_create    CMakeFiles/cmTC_578e3.dir/CheckFunctionExists.c.o  -o cmTC_578e3 -rdynamic -lpthreads 
/usr/bin/ld: cannot find -lpthreads
collect2: error: ld returned 1 exit status
CMakeFiles/cmTC_578e3.dir/build.make:97: die Regel für Ziel „cmTC_578e3“ scheiterte
make[1]: *** [cmTC_578e3] Fehler 1
make[1]: Verzeichnis „/home/fapsros/c_s_u/build/action_demo/CMakeFiles/CMakeTmp“ wird verlassen
Makefile:126: die Regel für Ziel „cmTC_578e3/fast“ scheiterte
make: *** [cmTC_578e3/fast] Fehler 2


