Determining if the pthread_create exist failed with the following output:
Change Dir: /home/fapsros/c_s_u/build/robot_sim_demo/CMakeFiles/CMakeTmp

Run Build Command:"/usr/bin/make" "cmTC_83a30/fast"
/usr/bin/make -f CMakeFiles/cmTC_83a30.dir/build.make CMakeFiles/cmTC_83a30.dir/build
make[1]: Verzeichnis „/home/fapsros/c_s_u/build/robot_sim_demo/CMakeFiles/CMakeTmp“ wird betreten
Building C object CMakeFiles/cmTC_83a30.dir/CheckSymbolExists.c.o
/usr/bin/cc     -o CMakeFiles/cmTC_83a30.dir/CheckSymbolExists.c.o   -c /home/fapsros/c_s_u/build/robot_sim_demo/CMakeFiles/CMakeTmp/CheckSymbolExists.c
Linking C executable cmTC_83a30
/usr/bin/cmake -E cmake_link_script CMakeFiles/cmTC_83a30.dir/link.txt --verbose=1
/usr/bin/cc       CMakeFiles/cmTC_83a30.dir/CheckSymbolExists.c.o  -o cmTC_83a30 -rdynamic 
CMakeFiles/cmTC_83a30.dir/CheckSymbolExists.c.o: In Funktion `main':
CheckSymbolExists.c:(.text+0x16): Nicht definierter Verweis auf `pthread_create'
collect2: error: ld returned 1 exit status
CMakeFiles/cmTC_83a30.dir/build.make:97: die Regel für Ziel „cmTC_83a30“ scheiterte
make[1]: *** [cmTC_83a30] Fehler 1
make[1]: Verzeichnis „/home/fapsros/c_s_u/build/robot_sim_demo/CMakeFiles/CMakeTmp“ wird verlassen
Makefile:126: die Regel für Ziel „cmTC_83a30/fast“ scheiterte
make: *** [cmTC_83a30/fast] Fehler 2

File /home/fapsros/c_s_u/build/robot_sim_demo/CMakeFiles/CMakeTmp/CheckSymbolExists.c:
/* */
#include <pthread.h>

int main(int argc, char** argv)
{
  (void)argv;
#ifndef pthread_create
  return ((int*)(&pthread_create))[argc];
#else
  (void)argc;
  return 0;
#endif
}

Determining if the function pthread_create exists in the pthreads failed with the following output:
Change Dir: /home/fapsros/c_s_u/build/robot_sim_demo/CMakeFiles/CMakeTmp

Run Build Command:"/usr/bin/make" "cmTC_02032/fast"
/usr/bin/make -f CMakeFiles/cmTC_02032.dir/build.make CMakeFiles/cmTC_02032.dir/build
make[1]: Verzeichnis „/home/fapsros/c_s_u/build/robot_sim_demo/CMakeFiles/CMakeTmp“ wird betreten
Building C object CMakeFiles/cmTC_02032.dir/CheckFunctionExists.c.o
/usr/bin/cc    -DCHECK_FUNCTION_EXISTS=pthread_create   -o CMakeFiles/cmTC_02032.dir/CheckFunctionExists.c.o   -c /usr/share/cmake-3.5/Modules/CheckFunctionExists.c
Linking C executable cmTC_02032
/usr/bin/cmake -E cmake_link_script CMakeFiles/cmTC_02032.dir/link.txt --verbose=1
/usr/bin/cc   -DCHECK_FUNCTION_EXISTS=pthread_create    CMakeFiles/cmTC_02032.dir/CheckFunctionExists.c.o  -o cmTC_02032 -rdynamic -lpthreads 
/usr/bin/ld: cannot find -lpthreads
collect2: error: ld returned 1 exit status
CMakeFiles/cmTC_02032.dir/build.make:97: die Regel für Ziel „cmTC_02032“ scheiterte
make[1]: *** [cmTC_02032] Fehler 1
make[1]: Verzeichnis „/home/fapsros/c_s_u/build/robot_sim_demo/CMakeFiles/CMakeTmp“ wird verlassen
Makefile:126: die Regel für Ziel „cmTC_02032/fast“ scheiterte
make: *** [cmTC_02032/fast] Fehler 2


