Symlinking /home/fapsros/c_s_u/devel/include/topic_demo/gps.h
Symlinking /home/fapsros/c_s_u/devel/lib/pkgconfig/topic_demo.pc
Symlinking /home/fapsros/c_s_u/devel/lib/topic_demo/talker
Symlinking /home/fapsros/c_s_u/devel/lib/topic_demo/listener
Symlinking /home/fapsros/c_s_u/devel/lib/python2.7/dist-packages/topic_demo/__init__.py
Symlinking /home/fapsros/c_s_u/devel/lib/python2.7/dist-packages/topic_demo/msg/__init__.py
Symlinking /home/fapsros/c_s_u/devel/lib/python2.7/dist-packages/topic_demo/msg/_gps.py
Symlinking /home/fapsros/c_s_u/devel/share/gennodejs/ros/topic_demo/_index.js
Symlinking /home/fapsros/c_s_u/devel/share/gennodejs/ros/topic_demo/msg/gps.js
Symlinking /home/fapsros/c_s_u/devel/share/gennodejs/ros/topic_demo/msg/_index.js
Symlinking /home/fapsros/c_s_u/devel/share/topic_demo/cmake/topic_demoConfig-version.cmake
Symlinking /home/fapsros/c_s_u/devel/share/topic_demo/cmake/topic_demo-msg-paths.cmake
Symlinking /home/fapsros/c_s_u/devel/share/topic_demo/cmake/topic_demoConfig.cmake
Symlinking /home/fapsros/c_s_u/devel/share/topic_demo/cmake/topic_demo-msg-extras.cmake
Symlinking /home/fapsros/c_s_u/devel/share/roseus/ros/topic_demo/manifest.l
Symlinking /home/fapsros/c_s_u/devel/share/roseus/ros/topic_demo/msg/gps.l
Symlinking /home/fapsros/c_s_u/devel/share/common-lisp/ros/topic_demo/msg/gps.lisp
Symlinking /home/fapsros/c_s_u/devel/share/common-lisp/ros/topic_demo/msg/topic_demo-msg.asd
Symlinking /home/fapsros/c_s_u/devel/share/common-lisp/ros/topic_demo/msg/_package_gps.lisp
Symlinking /home/fapsros/c_s_u/devel/share/common-lisp/ros/topic_demo/msg/_package.lisp
