Determining if the pthread_create exist failed with the following output:
Change Dir: /home/fapsros/c_s_u/build/param_demo/CMakeFiles/CMakeTmp

Run Build Command:"/usr/bin/make" "cmTC_4bbdb/fast"
/usr/bin/make -f CMakeFiles/cmTC_4bbdb.dir/build.make CMakeFiles/cmTC_4bbdb.dir/build
make[1]: Verzeichnis „/home/fapsros/c_s_u/build/param_demo/CMakeFiles/CMakeTmp“ wird betreten
Building C object CMakeFiles/cmTC_4bbdb.dir/CheckSymbolExists.c.o
/usr/bin/cc     -o CMakeFiles/cmTC_4bbdb.dir/CheckSymbolExists.c.o   -c /home/fapsros/c_s_u/build/param_demo/CMakeFiles/CMakeTmp/CheckSymbolExists.c
Linking C executable cmTC_4bbdb
/usr/bin/cmake -E cmake_link_script CMakeFiles/cmTC_4bbdb.dir/link.txt --verbose=1
/usr/bin/cc       CMakeFiles/cmTC_4bbdb.dir/CheckSymbolExists.c.o  -o cmTC_4bbdb -rdynamic 
CMakeFiles/cmTC_4bbdb.dir/CheckSymbolExists.c.o: In Funktion `main':
CheckSymbolExists.c:(.text+0x16): Nicht definierter Verweis auf `pthread_create'
collect2: error: ld returned 1 exit status
CMakeFiles/cmTC_4bbdb.dir/build.make:97: die Regel für Ziel „cmTC_4bbdb“ scheiterte
make[1]: *** [cmTC_4bbdb] Fehler 1
make[1]: Verzeichnis „/home/fapsros/c_s_u/build/param_demo/CMakeFiles/CMakeTmp“ wird verlassen
Makefile:126: die Regel für Ziel „cmTC_4bbdb/fast“ scheiterte
make: *** [cmTC_4bbdb/fast] Fehler 2

File /home/fapsros/c_s_u/build/param_demo/CMakeFiles/CMakeTmp/CheckSymbolExists.c:
/* */
#include <pthread.h>

int main(int argc, char** argv)
{
  (void)argv;
#ifndef pthread_create
  return ((int*)(&pthread_create))[argc];
#else
  (void)argc;
  return 0;
#endif
}

Determining if the function pthread_create exists in the pthreads failed with the following output:
Change Dir: /home/fapsros/c_s_u/build/param_demo/CMakeFiles/CMakeTmp

Run Build Command:"/usr/bin/make" "cmTC_c140a/fast"
/usr/bin/make -f CMakeFiles/cmTC_c140a.dir/build.make CMakeFiles/cmTC_c140a.dir/build
make[1]: Verzeichnis „/home/fapsros/c_s_u/build/param_demo/CMakeFiles/CMakeTmp“ wird betreten
Building C object CMakeFiles/cmTC_c140a.dir/CheckFunctionExists.c.o
/usr/bin/cc    -DCHECK_FUNCTION_EXISTS=pthread_create   -o CMakeFiles/cmTC_c140a.dir/CheckFunctionExists.c.o   -c /usr/share/cmake-3.5/Modules/CheckFunctionExists.c
Linking C executable cmTC_c140a
/usr/bin/cmake -E cmake_link_script CMakeFiles/cmTC_c140a.dir/link.txt --verbose=1
/usr/bin/cc   -DCHECK_FUNCTION_EXISTS=pthread_create    CMakeFiles/cmTC_c140a.dir/CheckFunctionExists.c.o  -o cmTC_c140a -rdynamic -lpthreads 
/usr/bin/ld: cannot find -lpthreads
collect2: error: ld returned 1 exit status
CMakeFiles/cmTC_c140a.dir/build.make:97: die Regel für Ziel „cmTC_c140a“ scheiterte
make[1]: *** [cmTC_c140a] Fehler 1
make[1]: Verzeichnis „/home/fapsros/c_s_u/build/param_demo/CMakeFiles/CMakeTmp“ wird verlassen
Makefile:126: die Regel für Ziel „cmTC_c140a/fast“ scheiterte
make: *** [cmTC_c140a/fast] Fehler 2


